Release 14.7 - xst P.20131013 (nt64)
Copyright (c) 1995-2013 Xilinx, Inc.  All rights reserved.
--> Parameter TMPDIR set to xst/projnav.tmp


Total REAL time to Xst completion: 0.00 secs
Total CPU time to Xst completion: 0.30 secs
 
--> Parameter xsthdpdir set to xst


Total REAL time to Xst completion: 0.00 secs
Total CPU time to Xst completion: 0.30 secs
 
--> Reading design: Reciprocal_Cascaded_GS_2.prj

TABLE OF CONTENTS
  1) Synthesis Options Summary
  2) HDL Parsing
  3) HDL Elaboration
  4) HDL Synthesis
       4.1) HDL Synthesis Report
  5) Advanced HDL Synthesis
       5.1) Advanced HDL Synthesis Report
  6) Low Level Synthesis
  7) Partition Report
  8) Design Summary
       8.1) Primitive and Black Box Usage
       8.2) Device utilization summary
       8.3) Partition Resource Summary
       8.4) Timing Report
            8.4.1) Clock Information
            8.4.2) Asynchronous Control Signals Information
            8.4.3) Timing Summary
            8.4.4) Timing Details
            8.4.5) Cross Clock Domains Report


=========================================================================
*                      Synthesis Options Summary                        *
=========================================================================
---- Source Parameters
Input File Name                    : "Reciprocal_Cascaded_GS_2.prj"
Ignore Synthesis Constraint File   : NO

---- Target Parameters
Output File Name                   : "Reciprocal_Cascaded_GS_2"
Output Format                      : NGC
Target Device                      : xc7v2000t-2-flg1925

---- Source Options
Top Module Name                    : Reciprocal_Cascaded_GS_2
Automatic FSM Extraction           : YES
FSM Encoding Algorithm             : Auto
Safe Implementation                : No
FSM Style                          : LUT
RAM Extraction                     : Yes
RAM Style                          : Block
ROM Extraction                     : Yes
Shift Register Extraction          : YES
ROM Style                          : Block
Resource Sharing                   : YES
Asynchronous To Synchronous        : NO
Shift Register Minimum Size        : 2
Use DSP Block                      : Auto
Automatic Register Balancing       : No

---- Target Options
LUT Combining                      : Auto
Reduce Control Sets                : Auto
Add IO Buffers                     : YES
Global Maximum Fanout              : 100000
Add Generic Clock Buffer(BUFG)     : 32
Register Duplication               : YES
Optimize Instantiated Primitives   : NO
Use Clock Enable                   : Auto
Use Synchronous Set                : Auto
Use Synchronous Reset              : Auto
Pack IO Registers into IOBs        : Auto
Equivalent register Removal        : YES

---- General Options
Optimization Goal                  : Speed
Optimization Effort                : 1
Power Reduction                    : NO
Keep Hierarchy                     : No
Netlist Hierarchy                  : As_Optimized
RTL Output                         : Yes
Global Optimization                : AllClockNets
Read Cores                         : YES
Write Timing Constraints           : NO
Cross Clock Analysis               : NO
Hierarchy Separator                : /
Bus Delimiter                      : <>
Case Specifier                     : Maintain
Slice Utilization Ratio            : 100
BRAM Utilization Ratio             : 100
DSP48 Utilization Ratio            : 100
Auto BRAM Packing                  : NO
Slice Utilization Ratio Delta      : 5

=========================================================================


=========================================================================
*                          HDL Parsing                                  *
=========================================================================
Analyzing Verilog file "C:\Users\Fang\Google Drive\2015\Thesis backup\Thesis_Final\Project_paper\SourceCode\Multication\fixed_point\mult_unsigned.v" into library work
Parsing module <mult_unsigned>.
Analyzing Verilog file "C:\Users\Fang\Google Drive\2015\Thesis backup\Thesis_Final\Project_paper\SourceCode\General Functions\uLib_rounding.v" into library work
Parsing module <ux_round2nearest>.
Parsing module <ux_round2nearest_pipe>.
Analyzing Verilog file "C:\Users\Fang\Google Drive\2015\Thesis backup\Thesis_Final\Project_paper\SourceCode\Reciprocal\Reciprocal_Cascaded.v" into library work
Parsing module <Reciprocal_Cascaded_Hung>.
Parsing module <Reciprocal_Cascaded_Jeong>.
Parsing module <Reciprocal_Cascaded_NR_2>.
Parsing module <Reciprocal_Cascaded_NR>.
Parsing module <Reciprocal_Cascaded_GS_2>.
Parsing module <Division_GS_unsigned_rec_24bit>.
Parsing module <Reciprocal_Cascaded_ItoNR>.

=========================================================================
*                            HDL Elaboration                            *
=========================================================================

Elaborating module <Reciprocal_Cascaded_GS_2>.

Elaborating module <mult_unsigned(WI1=1,WF1=14,WI2=1,WF2=23,WIO=1,WFO=26)>.

Elaborating module <mult_unsigned(WI1=1,WF1=14,WI2=1,WF2=26,WIO=1,WFO=26)>.

Elaborating module <ux_round2nearest(WordLength=27,RoundLength=3)>.
WARNING:HDLCompiler:634 - "C:\Users\Fang\Google Drive\2015\Thesis backup\Thesis_Final\Project_paper\SourceCode\Reciprocal\Reciprocal_Cascaded.v" Line 471: Net <RST> does not have a driver.

=========================================================================
*                           HDL Synthesis                               *
=========================================================================

Synthesizing Unit <Reciprocal_Cascaded_GS_2>.
    Related source file is "C:\Users\Fang\Google Drive\2015\Thesis backup\Thesis_Final\Project_paper\SourceCode\Reciprocal\Reciprocal_Cascaded.v".
        WL = 24
        LUT_addWidth = 12
        LUT_bits = 15
        dWL = 27
WARNING:Xst:653 - Signal <LUT> is used but never assigned. This sourceless signal will be automatically connected to value GND.
WARNING:Xst:653 - Signal <RST> is used but never assigned. This sourceless signal will be automatically connected to value GND.
    Found 4096x15-bit single-port Read Only RAM <Mram_LUT> for signal <LUT>.
WARNING:Xst:737 - Found 1-bit latch for signal <reg_cmp<10>>. Latches may be generated from incomplete case or if statements. We do not recommend the use of latches in FPGA/CPLD designs, as they may lead to timing problems.
WARNING:Xst:737 - Found 1-bit latch for signal <reg_cmp<9>>. Latches may be generated from incomplete case or if statements. We do not recommend the use of latches in FPGA/CPLD designs, as they may lead to timing problems.
WARNING:Xst:737 - Found 1-bit latch for signal <reg_cmp<8>>. Latches may be generated from incomplete case or if statements. We do not recommend the use of latches in FPGA/CPLD designs, as they may lead to timing problems.
WARNING:Xst:737 - Found 1-bit latch for signal <reg_cmp<7>>. Latches may be generated from incomplete case or if statements. We do not recommend the use of latches in FPGA/CPLD designs, as they may lead to timing problems.
WARNING:Xst:737 - Found 1-bit latch for signal <reg_cmp<6>>. Latches may be generated from incomplete case or if statements. We do not recommend the use of latches in FPGA/CPLD designs, as they may lead to timing problems.
WARNING:Xst:737 - Found 1-bit latch for signal <reg_cmp<5>>. Latches may be generated from incomplete case or if statements. We do not recommend the use of latches in FPGA/CPLD designs, as they may lead to timing problems.
WARNING:Xst:737 - Found 1-bit latch for signal <reg_cmp<4>>. Latches may be generated from incomplete case or if statements. We do not recommend the use of latches in FPGA/CPLD designs, as they may lead to timing problems.
WARNING:Xst:737 - Found 1-bit latch for signal <reg_cmp<3>>. Latches may be generated from incomplete case or if statements. We do not recommend the use of latches in FPGA/CPLD designs, as they may lead to timing problems.
WARNING:Xst:737 - Found 1-bit latch for signal <reg_cmp<2>>. Latches may be generated from incomplete case or if statements. We do not recommend the use of latches in FPGA/CPLD designs, as they may lead to timing problems.
WARNING:Xst:737 - Found 1-bit latch for signal <reg_cmp<1>>. Latches may be generated from incomplete case or if statements. We do not recommend the use of latches in FPGA/CPLD designs, as they may lead to timing problems.
WARNING:Xst:737 - Found 1-bit latch for signal <reg_cmp<0>>. Latches may be generated from incomplete case or if statements. We do not recommend the use of latches in FPGA/CPLD designs, as they may lead to timing problems.
WARNING:Xst:737 - Found 1-bit latch for signal <iniValue<14>>. Latches may be generated from incomplete case or if statements. We do not recommend the use of latches in FPGA/CPLD designs, as they may lead to timing problems.
WARNING:Xst:737 - Found 1-bit latch for signal <iniValue<13>>. Latches may be generated from incomplete case or if statements. We do not recommend the use of latches in FPGA/CPLD designs, as they may lead to timing problems.
WARNING:Xst:737 - Found 1-bit latch for signal <iniValue<12>>. Latches may be generated from incomplete case or if statements. We do not recommend the use of latches in FPGA/CPLD designs, as they may lead to timing problems.
WARNING:Xst:737 - Found 1-bit latch for signal <iniValue<11>>. Latches may be generated from incomplete case or if statements. We do not recommend the use of latches in FPGA/CPLD designs, as they may lead to timing problems.
WARNING:Xst:737 - Found 1-bit latch for signal <iniValue<10>>. Latches may be generated from incomplete case or if statements. We do not recommend the use of latches in FPGA/CPLD designs, as they may lead to timing problems.
WARNING:Xst:737 - Found 1-bit latch for signal <iniValue<9>>. Latches may be generated from incomplete case or if statements. We do not recommend the use of latches in FPGA/CPLD designs, as they may lead to timing problems.
WARNING:Xst:737 - Found 1-bit latch for signal <iniValue<8>>. Latches may be generated from incomplete case or if statements. We do not recommend the use of latches in FPGA/CPLD designs, as they may lead to timing problems.
WARNING:Xst:737 - Found 1-bit latch for signal <iniValue<7>>. Latches may be generated from incomplete case or if statements. We do not recommend the use of latches in FPGA/CPLD designs, as they may lead to timing problems.
WARNING:Xst:737 - Found 1-bit latch for signal <iniValue<6>>. Latches may be generated from incomplete case or if statements. We do not recommend the use of latches in FPGA/CPLD designs, as they may lead to timing problems.
WARNING:Xst:737 - Found 1-bit latch for signal <iniValue<5>>. Latches may be generated from incomplete case or if statements. We do not recommend the use of latches in FPGA/CPLD designs, as they may lead to timing problems.
WARNING:Xst:737 - Found 1-bit latch for signal <iniValue<4>>. Latches may be generated from incomplete case or if statements. We do not recommend the use of latches in FPGA/CPLD designs, as they may lead to timing problems.
WARNING:Xst:737 - Found 1-bit latch for signal <iniValue<3>>. Latches may be generated from incomplete case or if statements. We do not recommend the use of latches in FPGA/CPLD designs, as they may lead to timing problems.
WARNING:Xst:737 - Found 1-bit latch for signal <iniValue<2>>. Latches may be generated from incomplete case or if statements. We do not recommend the use of latches in FPGA/CPLD designs, as they may lead to timing problems.
WARNING:Xst:737 - Found 1-bit latch for signal <iniValue<1>>. Latches may be generated from incomplete case or if statements. We do not recommend the use of latches in FPGA/CPLD designs, as they may lead to timing problems.
WARNING:Xst:737 - Found 1-bit latch for signal <iniValue<0>>. Latches may be generated from incomplete case or if statements. We do not recommend the use of latches in FPGA/CPLD designs, as they may lead to timing problems.
WARNING:Xst:737 - Found 1-bit latch for signal <p2<26>>. Latches may be generated from incomplete case or if statements. We do not recommend the use of latches in FPGA/CPLD designs, as they may lead to timing problems.
WARNING:Xst:737 - Found 1-bit latch for signal <p2<25>>. Latches may be generated from incomplete case or if statements. We do not recommend the use of latches in FPGA/CPLD designs, as they may lead to timing problems.
WARNING:Xst:737 - Found 1-bit latch for signal <p2<24>>. Latches may be generated from incomplete case or if statements. We do not recommend the use of latches in FPGA/CPLD designs, as they may lead to timing problems.
WARNING:Xst:737 - Found 1-bit latch for signal <p2<23>>. Latches may be generated from incomplete case or if statements. We do not recommend the use of latches in FPGA/CPLD designs, as they may lead to timing problems.
WARNING:Xst:737 - Found 1-bit latch for signal <p2<22>>. Latches may be generated from incomplete case or if statements. We do not recommend the use of latches in FPGA/CPLD designs, as they may lead to timing problems.
WARNING:Xst:737 - Found 1-bit latch for signal <p2<21>>. Latches may be generated from incomplete case or if statements. We do not recommend the use of latches in FPGA/CPLD designs, as they may lead to timing problems.
WARNING:Xst:737 - Found 1-bit latch for signal <p2<20>>. Latches may be generated from incomplete case or if statements. We do not recommend the use of latches in FPGA/CPLD designs, as they may lead to timing problems.
WARNING:Xst:737 - Found 1-bit latch for signal <p2<19>>. Latches may be generated from incomplete case or if statements. We do not recommend the use of latches in FPGA/CPLD designs, as they may lead to timing problems.
WARNING:Xst:737 - Found 1-bit latch for signal <p2<18>>. Latches may be generated from incomplete case or if statements. We do not recommend the use of latches in FPGA/CPLD designs, as they may lead to timing problems.
WARNING:Xst:737 - Found 1-bit latch for signal <p2<17>>. Latches may be generated from incomplete case or if statements. We do not recommend the use of latches in FPGA/CPLD designs, as they may lead to timing problems.
WARNING:Xst:737 - Found 1-bit latch for signal <p2<16>>. Latches may be generated from incomplete case or if statements. We do not recommend the use of latches in FPGA/CPLD designs, as they may lead to timing problems.
WARNING:Xst:737 - Found 1-bit latch for signal <p2<15>>. Latches may be generated from incomplete case or if statements. We do not recommend the use of latches in FPGA/CPLD designs, as they may lead to timing problems.
WARNING:Xst:737 - Found 1-bit latch for signal <p2<14>>. Latches may be generated from incomplete case or if statements. We do not recommend the use of latches in FPGA/CPLD designs, as they may lead to timing problems.
WARNING:Xst:737 - Found 1-bit latch for signal <p2<13>>. Latches may be generated from incomplete case or if statements. We do not recommend the use of latches in FPGA/CPLD designs, as they may lead to timing problems.
WARNING:Xst:737 - Found 1-bit latch for signal <p2<12>>. Latches may be generated from incomplete case or if statements. We do not recommend the use of latches in FPGA/CPLD designs, as they may lead to timing problems.
WARNING:Xst:737 - Found 1-bit latch for signal <p2<11>>. Latches may be generated from incomplete case or if statements. We do not recommend the use of latches in FPGA/CPLD designs, as they may lead to timing problems.
WARNING:Xst:737 - Found 1-bit latch for signal <p2<10>>. Latches may be generated from incomplete case or if statements. We do not recommend the use of latches in FPGA/CPLD designs, as they may lead to timing problems.
WARNING:Xst:737 - Found 1-bit latch for signal <p2<9>>. Latches may be generated from incomplete case or if statements. We do not recommend the use of latches in FPGA/CPLD designs, as they may lead to timing problems.
WARNING:Xst:737 - Found 1-bit latch for signal <p2<8>>. Latches may be generated from incomplete case or if statements. We do not recommend the use of latches in FPGA/CPLD designs, as they may lead to timing problems.
WARNING:Xst:737 - Found 1-bit latch for signal <p2<7>>. Latches may be generated from incomplete case or if statements. We do not recommend the use of latches in FPGA/CPLD designs, as they may lead to timing problems.
WARNING:Xst:737 - Found 1-bit latch for signal <p2<6>>. Latches may be generated from incomplete case or if statements. We do not recommend the use of latches in FPGA/CPLD designs, as they may lead to timing problems.
WARNING:Xst:737 - Found 1-bit latch for signal <p2<5>>. Latches may be generated from incomplete case or if statements. We do not recommend the use of latches in FPGA/CPLD designs, as they may lead to timing problems.
WARNING:Xst:737 - Found 1-bit latch for signal <p2<4>>. Latches may be generated from incomplete case or if statements. We do not recommend the use of latches in FPGA/CPLD designs, as they may lead to timing problems.
WARNING:Xst:737 - Found 1-bit latch for signal <p2<3>>. Latches may be generated from incomplete case or if statements. We do not recommend the use of latches in FPGA/CPLD designs, as they may lead to timing problems.
WARNING:Xst:737 - Found 1-bit latch for signal <p2<2>>. Latches may be generated from incomplete case or if statements. We do not recommend the use of latches in FPGA/CPLD designs, as they may lead to timing problems.
WARNING:Xst:737 - Found 1-bit latch for signal <p2<1>>. Latches may be generated from incomplete case or if statements. We do not recommend the use of latches in FPGA/CPLD designs, as they may lead to timing problems.
WARNING:Xst:737 - Found 1-bit latch for signal <p2<0>>. Latches may be generated from incomplete case or if statements. We do not recommend the use of latches in FPGA/CPLD designs, as they may lead to timing problems.
WARNING:Xst:737 - Found 1-bit latch for signal <dout<23>>. Latches may be generated from incomplete case or if statements. We do not recommend the use of latches in FPGA/CPLD designs, as they may lead to timing problems.
WARNING:Xst:737 - Found 1-bit latch for signal <dout<22>>. Latches may be generated from incomplete case or if statements. We do not recommend the use of latches in FPGA/CPLD designs, as they may lead to timing problems.
WARNING:Xst:737 - Found 1-bit latch for signal <dout<21>>. Latches may be generated from incomplete case or if statements. We do not recommend the use of latches in FPGA/CPLD designs, as they may lead to timing problems.
WARNING:Xst:737 - Found 1-bit latch for signal <dout<20>>. Latches may be generated from incomplete case or if statements. We do not recommend the use of latches in FPGA/CPLD designs, as they may lead to timing problems.
WARNING:Xst:737 - Found 1-bit latch for signal <dout<19>>. Latches may be generated from incomplete case or if statements. We do not recommend the use of latches in FPGA/CPLD designs, as they may lead to timing problems.
WARNING:Xst:737 - Found 1-bit latch for signal <dout<18>>. Latches may be generated from incomplete case or if statements. We do not recommend the use of latches in FPGA/CPLD designs, as they may lead to timing problems.
WARNING:Xst:737 - Found 1-bit latch for signal <dout<17>>. Latches may be generated from incomplete case or if statements. We do not recommend the use of latches in FPGA/CPLD designs, as they may lead to timing problems.
WARNING:Xst:737 - Found 1-bit latch for signal <dout<16>>. Latches may be generated from incomplete case or if statements. We do not recommend the use of latches in FPGA/CPLD designs, as they may lead to timing problems.
WARNING:Xst:737 - Found 1-bit latch for signal <dout<15>>. Latches may be generated from incomplete case or if statements. We do not recommend the use of latches in FPGA/CPLD designs, as they may lead to timing problems.
WARNING:Xst:737 - Found 1-bit latch for signal <dout<14>>. Latches may be generated from incomplete case or if statements. We do not recommend the use of latches in FPGA/CPLD designs, as they may lead to timing problems.
WARNING:Xst:737 - Found 1-bit latch for signal <dout<13>>. Latches may be generated from incomplete case or if statements. We do not recommend the use of latches in FPGA/CPLD designs, as they may lead to timing problems.
WARNING:Xst:737 - Found 1-bit latch for signal <dout<12>>. Latches may be generated from incomplete case or if statements. We do not recommend the use of latches in FPGA/CPLD designs, as they may lead to timing problems.
WARNING:Xst:737 - Found 1-bit latch for signal <dout<11>>. Latches may be generated from incomplete case or if statements. We do not recommend the use of latches in FPGA/CPLD designs, as they may lead to timing problems.
WARNING:Xst:737 - Found 1-bit latch for signal <dout<10>>. Latches may be generated from incomplete case or if statements. We do not recommend the use of latches in FPGA/CPLD designs, as they may lead to timing problems.
WARNING:Xst:737 - Found 1-bit latch for signal <dout<9>>. Latches may be generated from incomplete case or if statements. We do not recommend the use of latches in FPGA/CPLD designs, as they may lead to timing problems.
WARNING:Xst:737 - Found 1-bit latch for signal <dout<8>>. Latches may be generated from incomplete case or if statements. We do not recommend the use of latches in FPGA/CPLD designs, as they may lead to timing problems.
WARNING:Xst:737 - Found 1-bit latch for signal <dout<7>>. Latches may be generated from incomplete case or if statements. We do not recommend the use of latches in FPGA/CPLD designs, as they may lead to timing problems.
WARNING:Xst:737 - Found 1-bit latch for signal <dout<6>>. Latches may be generated from incomplete case or if statements. We do not recommend the use of latches in FPGA/CPLD designs, as they may lead to timing problems.
WARNING:Xst:737 - Found 1-bit latch for signal <dout<5>>. Latches may be generated from incomplete case or if statements. We do not recommend the use of latches in FPGA/CPLD designs, as they may lead to timing problems.
WARNING:Xst:737 - Found 1-bit latch for signal <dout<4>>. Latches may be generated from incomplete case or if statements. We do not recommend the use of latches in FPGA/CPLD designs, as they may lead to timing problems.
WARNING:Xst:737 - Found 1-bit latch for signal <dout<3>>. Latches may be generated from incomplete case or if statements. We do not recommend the use of latches in FPGA/CPLD designs, as they may lead to timing problems.
WARNING:Xst:737 - Found 1-bit latch for signal <dout<2>>. Latches may be generated from incomplete case or if statements. We do not recommend the use of latches in FPGA/CPLD designs, as they may lead to timing problems.
WARNING:Xst:737 - Found 1-bit latch for signal <dout<1>>. Latches may be generated from incomplete case or if statements. We do not recommend the use of latches in FPGA/CPLD designs, as they may lead to timing problems.
WARNING:Xst:737 - Found 1-bit latch for signal <dout<0>>. Latches may be generated from incomplete case or if statements. We do not recommend the use of latches in FPGA/CPLD designs, as they may lead to timing problems.
WARNING:Xst:737 - Found 1-bit latch for signal <reg_cmp<11>>. Latches may be generated from incomplete case or if statements. We do not recommend the use of latches in FPGA/CPLD designs, as they may lead to timing problems.
    Summary:
	inferred   1 RAM(s).
	inferred  78 Latch(s).
Unit <Reciprocal_Cascaded_GS_2> synthesized.

Synthesizing Unit <mult_unsigned_1>.
    Related source file is "C:\Users\Fang\Google Drive\2015\Thesis backup\Thesis_Final\Project_paper\SourceCode\Multication\fixed_point\mult_unsigned.v".
        WI1 = 1
        WF1 = 14
        WI2 = 1
        WF2 = 23
        WIO = 1
        WFO = 26
WARNING:Xst:647 - Input <CLK> is never used. This port will be preserved and left unconnected if it belongs to a top-level block or it belongs to a sub-block and the hierarchy of this sub-block is preserved.
    Summary:
	no macro.
Unit <mult_unsigned_1> synthesized.

Synthesizing Unit <mult_unsigned_2>.
    Related source file is "C:\Users\Fang\Google Drive\2015\Thesis backup\Thesis_Final\Project_paper\SourceCode\Multication\fixed_point\mult_unsigned.v".
        WI1 = 1
        WF1 = 14
        WI2 = 1
        WF2 = 26
        WIO = 1
        WFO = 26
WARNING:Xst:647 - Input <CLK> is never used. This port will be preserved and left unconnected if it belongs to a top-level block or it belongs to a sub-block and the hierarchy of this sub-block is preserved.
    Summary:
	no macro.
Unit <mult_unsigned_2> synthesized.

Synthesizing Unit <ux_round2nearest>.
    Related source file is "C:\Users\Fang\Google Drive\2015\Thesis backup\Thesis_Final\Project_paper\SourceCode\General Functions\uLib_rounding.v".
        WordLength = 27
        RoundLength = 3
WARNING:Xst:647 - Input <CLK> is never used. This port will be preserved and left unconnected if it belongs to a top-level block or it belongs to a sub-block and the hierarchy of this sub-block is preserved.
    Found 24-bit adder for signal <x[26]_GND_84_o_add_2_OUT> created at line 177.
WARNING:Xst:737 - Found 1-bit latch for signal <y<25>>. Latches may be generated from incomplete case or if statements. We do not recommend the use of latches in FPGA/CPLD designs, as they may lead to timing problems.
WARNING:Xst:737 - Found 1-bit latch for signal <y<24>>. Latches may be generated from incomplete case or if statements. We do not recommend the use of latches in FPGA/CPLD designs, as they may lead to timing problems.
WARNING:Xst:737 - Found 1-bit latch for signal <y<23>>. Latches may be generated from incomplete case or if statements. We do not recommend the use of latches in FPGA/CPLD designs, as they may lead to timing problems.
WARNING:Xst:737 - Found 1-bit latch for signal <y<22>>. Latches may be generated from incomplete case or if statements. We do not recommend the use of latches in FPGA/CPLD designs, as they may lead to timing problems.
WARNING:Xst:737 - Found 1-bit latch for signal <y<21>>. Latches may be generated from incomplete case or if statements. We do not recommend the use of latches in FPGA/CPLD designs, as they may lead to timing problems.
WARNING:Xst:737 - Found 1-bit latch for signal <y<20>>. Latches may be generated from incomplete case or if statements. We do not recommend the use of latches in FPGA/CPLD designs, as they may lead to timing problems.
WARNING:Xst:737 - Found 1-bit latch for signal <y<19>>. Latches may be generated from incomplete case or if statements. We do not recommend the use of latches in FPGA/CPLD designs, as they may lead to timing problems.
WARNING:Xst:737 - Found 1-bit latch for signal <y<18>>. Latches may be generated from incomplete case or if statements. We do not recommend the use of latches in FPGA/CPLD designs, as they may lead to timing problems.
WARNING:Xst:737 - Found 1-bit latch for signal <y<17>>. Latches may be generated from incomplete case or if statements. We do not recommend the use of latches in FPGA/CPLD designs, as they may lead to timing problems.
WARNING:Xst:737 - Found 1-bit latch for signal <y<16>>. Latches may be generated from incomplete case or if statements. We do not recommend the use of latches in FPGA/CPLD designs, as they may lead to timing problems.
WARNING:Xst:737 - Found 1-bit latch for signal <y<15>>. Latches may be generated from incomplete case or if statements. We do not recommend the use of latches in FPGA/CPLD designs, as they may lead to timing problems.
WARNING:Xst:737 - Found 1-bit latch for signal <y<14>>. Latches may be generated from incomplete case or if statements. We do not recommend the use of latches in FPGA/CPLD designs, as they may lead to timing problems.
WARNING:Xst:737 - Found 1-bit latch for signal <y<13>>. Latches may be generated from incomplete case or if statements. We do not recommend the use of latches in FPGA/CPLD designs, as they may lead to timing problems.
WARNING:Xst:737 - Found 1-bit latch for signal <y<12>>. Latches may be generated from incomplete case or if statements. We do not recommend the use of latches in FPGA/CPLD designs, as they may lead to timing problems.
WARNING:Xst:737 - Found 1-bit latch for signal <y<11>>. Latches may be generated from incomplete case or if statements. We do not recommend the use of latches in FPGA/CPLD designs, as they may lead to timing problems.
WARNING:Xst:737 - Found 1-bit latch for signal <y<10>>. Latches may be generated from incomplete case or if statements. We do not recommend the use of latches in FPGA/CPLD designs, as they may lead to timing problems.
WARNING:Xst:737 - Found 1-bit latch for signal <y<9>>. Latches may be generated from incomplete case or if statements. We do not recommend the use of latches in FPGA/CPLD designs, as they may lead to timing problems.
WARNING:Xst:737 - Found 1-bit latch for signal <y<8>>. Latches may be generated from incomplete case or if statements. We do not recommend the use of latches in FPGA/CPLD designs, as they may lead to timing problems.
WARNING:Xst:737 - Found 1-bit latch for signal <y<7>>. Latches may be generated from incomplete case or if statements. We do not recommend the use of latches in FPGA/CPLD designs, as they may lead to timing problems.
WARNING:Xst:737 - Found 1-bit latch for signal <y<6>>. Latches may be generated from incomplete case or if statements. We do not recommend the use of latches in FPGA/CPLD designs, as they may lead to timing problems.
WARNING:Xst:737 - Found 1-bit latch for signal <y<5>>. Latches may be generated from incomplete case or if statements. We do not recommend the use of latches in FPGA/CPLD designs, as they may lead to timing problems.
WARNING:Xst:737 - Found 1-bit latch for signal <y<4>>. Latches may be generated from incomplete case or if statements. We do not recommend the use of latches in FPGA/CPLD designs, as they may lead to timing problems.
WARNING:Xst:737 - Found 1-bit latch for signal <y<3>>. Latches may be generated from incomplete case or if statements. We do not recommend the use of latches in FPGA/CPLD designs, as they may lead to timing problems.
WARNING:Xst:737 - Found 1-bit latch for signal <y<26>>. Latches may be generated from incomplete case or if statements. We do not recommend the use of latches in FPGA/CPLD designs, as they may lead to timing problems.
    Summary:
	inferred   1 Adder/Subtractor(s).
	inferred  24 Latch(s).
	inferred  25 Multiplexer(s).
Unit <ux_round2nearest> synthesized.

=========================================================================
HDL Synthesis Report

Macro Statistics
# RAMs                                                 : 1
 4096x15-bit single-port Read Only RAM                 : 1
# Adders/Subtractors                                   : 1
 24-bit adder                                          : 1
# Latches                                              : 102
 1-bit latch                                           : 102
# Multiplexers                                         : 25
 1-bit 2-to-1 multiplexer                              : 24
 24-bit 2-to-1 multiplexer                             : 1

=========================================================================

=========================================================================
*                       Advanced HDL Synthesis                          *
=========================================================================

WARNING:Xst:1290 - Hierarchical block <multiplier_1> is unconnected in block <Reciprocal_Cascaded_GS_2>.
   It will be removed from the design.

Synthesizing (advanced) Unit <Reciprocal_Cascaded_GS_2>.
WARNING:Xst:3211 - Cannot use block RAM resources for signal <Mram_LUT>. Please check that the RAM contents is read synchronously.
    -----------------------------------------------------------------------
    | ram_type           | Distributed                         |          |
    -----------------------------------------------------------------------
    | Port A                                                              |
    |     aspect ratio   | 4096-word x 15-bit                  |          |
    |     weA            | connected to signal <GND>           | high     |
    |     addrA          | connected to signal <reg_cmp>       |          |
    |     diA            | connected to signal <GND>           |          |
    |     doA            | connected to internal node          |          |
    -----------------------------------------------------------------------
Unit <Reciprocal_Cascaded_GS_2> synthesized (advanced).

=========================================================================
Advanced HDL Synthesis Report

Macro Statistics
# RAMs                                                 : 1
 4096x15-bit single-port distributed Read Only RAM     : 1
# Adders/Subtractors                                   : 1
 24-bit adder                                          : 1
# Multiplexers                                         : 25
 1-bit 2-to-1 multiplexer                              : 24
 24-bit 2-to-1 multiplexer                             : 1

=========================================================================

=========================================================================
*                         Low Level Synthesis                           *
=========================================================================
WARNING:Xst:2677 - Node <reg_cmp_8> of sequential type is unconnected in block <Reciprocal_Cascaded_GS_2>.
WARNING:Xst:2677 - Node <reg_cmp_10> of sequential type is unconnected in block <Reciprocal_Cascaded_GS_2>.
WARNING:Xst:2677 - Node <reg_cmp_9> of sequential type is unconnected in block <Reciprocal_Cascaded_GS_2>.
WARNING:Xst:2677 - Node <reg_cmp_5> of sequential type is unconnected in block <Reciprocal_Cascaded_GS_2>.
WARNING:Xst:2677 - Node <reg_cmp_7> of sequential type is unconnected in block <Reciprocal_Cascaded_GS_2>.
WARNING:Xst:2677 - Node <reg_cmp_6> of sequential type is unconnected in block <Reciprocal_Cascaded_GS_2>.
WARNING:Xst:2677 - Node <reg_cmp_4> of sequential type is unconnected in block <Reciprocal_Cascaded_GS_2>.
WARNING:Xst:2677 - Node <reg_cmp_3> of sequential type is unconnected in block <Reciprocal_Cascaded_GS_2>.
WARNING:Xst:2677 - Node <reg_cmp_0> of sequential type is unconnected in block <Reciprocal_Cascaded_GS_2>.
WARNING:Xst:2677 - Node <reg_cmp_2> of sequential type is unconnected in block <Reciprocal_Cascaded_GS_2>.
WARNING:Xst:2677 - Node <reg_cmp_1> of sequential type is unconnected in block <Reciprocal_Cascaded_GS_2>.
WARNING:Xst:2677 - Node <p2_26> of sequential type is unconnected in block <Reciprocal_Cascaded_GS_2>.
WARNING:Xst:2677 - Node <p2_25> of sequential type is unconnected in block <Reciprocal_Cascaded_GS_2>.
WARNING:Xst:2677 - Node <p2_22> of sequential type is unconnected in block <Reciprocal_Cascaded_GS_2>.
WARNING:Xst:2677 - Node <p2_24> of sequential type is unconnected in block <Reciprocal_Cascaded_GS_2>.
WARNING:Xst:2677 - Node <p2_23> of sequential type is unconnected in block <Reciprocal_Cascaded_GS_2>.
WARNING:Xst:2677 - Node <p2_21> of sequential type is unconnected in block <Reciprocal_Cascaded_GS_2>.
WARNING:Xst:2677 - Node <p2_20> of sequential type is unconnected in block <Reciprocal_Cascaded_GS_2>.
WARNING:Xst:2677 - Node <p2_17> of sequential type is unconnected in block <Reciprocal_Cascaded_GS_2>.
WARNING:Xst:2677 - Node <p2_19> of sequential type is unconnected in block <Reciprocal_Cascaded_GS_2>.
WARNING:Xst:2677 - Node <p2_18> of sequential type is unconnected in block <Reciprocal_Cascaded_GS_2>.
WARNING:Xst:2677 - Node <p2_16> of sequential type is unconnected in block <Reciprocal_Cascaded_GS_2>.
WARNING:Xst:2677 - Node <p2_15> of sequential type is unconnected in block <Reciprocal_Cascaded_GS_2>.
WARNING:Xst:2677 - Node <p2_12> of sequential type is unconnected in block <Reciprocal_Cascaded_GS_2>.
WARNING:Xst:2677 - Node <p2_14> of sequential type is unconnected in block <Reciprocal_Cascaded_GS_2>.
WARNING:Xst:2677 - Node <p2_13> of sequential type is unconnected in block <Reciprocal_Cascaded_GS_2>.
WARNING:Xst:2677 - Node <p2_9> of sequential type is unconnected in block <Reciprocal_Cascaded_GS_2>.
WARNING:Xst:2677 - Node <p2_11> of sequential type is unconnected in block <Reciprocal_Cascaded_GS_2>.
WARNING:Xst:2677 - Node <p2_10> of sequential type is unconnected in block <Reciprocal_Cascaded_GS_2>.
WARNING:Xst:2677 - Node <p2_6> of sequential type is unconnected in block <Reciprocal_Cascaded_GS_2>.
WARNING:Xst:2677 - Node <p2_8> of sequential type is unconnected in block <Reciprocal_Cascaded_GS_2>.
WARNING:Xst:2677 - Node <p2_7> of sequential type is unconnected in block <Reciprocal_Cascaded_GS_2>.
WARNING:Xst:2677 - Node <p2_5> of sequential type is unconnected in block <Reciprocal_Cascaded_GS_2>.
WARNING:Xst:2677 - Node <p2_4> of sequential type is unconnected in block <Reciprocal_Cascaded_GS_2>.
WARNING:Xst:2677 - Node <p2_1> of sequential type is unconnected in block <Reciprocal_Cascaded_GS_2>.
WARNING:Xst:2677 - Node <p2_3> of sequential type is unconnected in block <Reciprocal_Cascaded_GS_2>.
WARNING:Xst:2677 - Node <p2_2> of sequential type is unconnected in block <Reciprocal_Cascaded_GS_2>.
WARNING:Xst:2677 - Node <p2_0> of sequential type is unconnected in block <Reciprocal_Cascaded_GS_2>.
WARNING:Xst:2677 - Node <reg_cmp_11> of sequential type is unconnected in block <Reciprocal_Cascaded_GS_2>.
WARNING:Xst:2677 - Node <iniValue_14> of sequential type is unconnected in block <Reciprocal_Cascaded_GS_2>.
WARNING:Xst:2677 - Node <iniValue_13> of sequential type is unconnected in block <Reciprocal_Cascaded_GS_2>.
WARNING:Xst:2677 - Node <iniValue_10> of sequential type is unconnected in block <Reciprocal_Cascaded_GS_2>.
WARNING:Xst:2677 - Node <iniValue_12> of sequential type is unconnected in block <Reciprocal_Cascaded_GS_2>.
WARNING:Xst:2677 - Node <iniValue_11> of sequential type is unconnected in block <Reciprocal_Cascaded_GS_2>.
WARNING:Xst:2677 - Node <iniValue_9> of sequential type is unconnected in block <Reciprocal_Cascaded_GS_2>.
WARNING:Xst:2677 - Node <iniValue_8> of sequential type is unconnected in block <Reciprocal_Cascaded_GS_2>.
WARNING:Xst:2677 - Node <iniValue_5> of sequential type is unconnected in block <Reciprocal_Cascaded_GS_2>.
WARNING:Xst:2677 - Node <iniValue_7> of sequential type is unconnected in block <Reciprocal_Cascaded_GS_2>.
WARNING:Xst:2677 - Node <iniValue_6> of sequential type is unconnected in block <Reciprocal_Cascaded_GS_2>.
WARNING:Xst:2677 - Node <iniValue_4> of sequential type is unconnected in block <Reciprocal_Cascaded_GS_2>.
WARNING:Xst:2677 - Node <iniValue_3> of sequential type is unconnected in block <Reciprocal_Cascaded_GS_2>.
WARNING:Xst:2677 - Node <iniValue_0> of sequential type is unconnected in block <Reciprocal_Cascaded_GS_2>.
WARNING:Xst:2677 - Node <iniValue_2> of sequential type is unconnected in block <Reciprocal_Cascaded_GS_2>.
WARNING:Xst:2677 - Node <iniValue_1> of sequential type is unconnected in block <Reciprocal_Cascaded_GS_2>.
WARNING:Xst:1710 - FF/Latch <y_26> (without init value) has a constant value of 0 in block <ux_round2nearest>. This FF/Latch will be trimmed during the optimization process.
WARNING:Xst:1895 - Due to other FF/Latch trimming, FF/Latch <y_3> (without init value) has a constant value of 0 in block <ux_round2nearest>. This FF/Latch will be trimmed during the optimization process.
WARNING:Xst:1895 - Due to other FF/Latch trimming, FF/Latch <y_5> (without init value) has a constant value of 0 in block <ux_round2nearest>. This FF/Latch will be trimmed during the optimization process.
WARNING:Xst:1895 - Due to other FF/Latch trimming, FF/Latch <y_6> (without init value) has a constant value of 0 in block <ux_round2nearest>. This FF/Latch will be trimmed during the optimization process.
WARNING:Xst:1895 - Due to other FF/Latch trimming, FF/Latch <y_4> (without init value) has a constant value of 0 in block <ux_round2nearest>. This FF/Latch will be trimmed during the optimization process.
WARNING:Xst:1895 - Due to other FF/Latch trimming, FF/Latch <y_8> (without init value) has a constant value of 0 in block <ux_round2nearest>. This FF/Latch will be trimmed during the optimization process.
WARNING:Xst:1895 - Due to other FF/Latch trimming, FF/Latch <y_9> (without init value) has a constant value of 0 in block <ux_round2nearest>. This FF/Latch will be trimmed during the optimization process.
WARNING:Xst:1895 - Due to other FF/Latch trimming, FF/Latch <y_7> (without init value) has a constant value of 0 in block <ux_round2nearest>. This FF/Latch will be trimmed during the optimization process.
WARNING:Xst:1895 - Due to other FF/Latch trimming, FF/Latch <y_11> (without init value) has a constant value of 0 in block <ux_round2nearest>. This FF/Latch will be trimmed during the optimization process.
WARNING:Xst:1895 - Due to other FF/Latch trimming, FF/Latch <y_12> (without init value) has a constant value of 0 in block <ux_round2nearest>. This FF/Latch will be trimmed during the optimization process.
WARNING:Xst:1895 - Due to other FF/Latch trimming, FF/Latch <y_10> (without init value) has a constant value of 0 in block <ux_round2nearest>. This FF/Latch will be trimmed during the optimization process.
WARNING:Xst:1895 - Due to other FF/Latch trimming, FF/Latch <y_14> (without init value) has a constant value of 0 in block <ux_round2nearest>. This FF/Latch will be trimmed during the optimization process.
WARNING:Xst:1895 - Due to other FF/Latch trimming, FF/Latch <y_15> (without init value) has a constant value of 0 in block <ux_round2nearest>. This FF/Latch will be trimmed during the optimization process.
WARNING:Xst:1895 - Due to other FF/Latch trimming, FF/Latch <y_13> (without init value) has a constant value of 0 in block <ux_round2nearest>. This FF/Latch will be trimmed during the optimization process.
WARNING:Xst:1895 - Due to other FF/Latch trimming, FF/Latch <y_17> (without init value) has a constant value of 0 in block <ux_round2nearest>. This FF/Latch will be trimmed during the optimization process.
WARNING:Xst:1895 - Due to other FF/Latch trimming, FF/Latch <y_18> (without init value) has a constant value of 0 in block <ux_round2nearest>. This FF/Latch will be trimmed during the optimization process.
WARNING:Xst:1895 - Due to other FF/Latch trimming, FF/Latch <y_16> (without init value) has a constant value of 0 in block <ux_round2nearest>. This FF/Latch will be trimmed during the optimization process.
WARNING:Xst:1895 - Due to other FF/Latch trimming, FF/Latch <y_20> (without init value) has a constant value of 0 in block <ux_round2nearest>. This FF/Latch will be trimmed during the optimization process.
WARNING:Xst:1895 - Due to other FF/Latch trimming, FF/Latch <y_21> (without init value) has a constant value of 0 in block <ux_round2nearest>. This FF/Latch will be trimmed during the optimization process.
WARNING:Xst:1895 - Due to other FF/Latch trimming, FF/Latch <y_19> (without init value) has a constant value of 0 in block <ux_round2nearest>. This FF/Latch will be trimmed during the optimization process.
WARNING:Xst:1895 - Due to other FF/Latch trimming, FF/Latch <y_22> (without init value) has a constant value of 0 in block <ux_round2nearest>. This FF/Latch will be trimmed during the optimization process.
WARNING:Xst:1895 - Due to other FF/Latch trimming, FF/Latch <y_23> (without init value) has a constant value of 0 in block <ux_round2nearest>. This FF/Latch will be trimmed during the optimization process.
WARNING:Xst:1895 - Due to other FF/Latch trimming, FF/Latch <y_24> (without init value) has a constant value of 0 in block <ux_round2nearest>. This FF/Latch will be trimmed during the optimization process.
WARNING:Xst:1895 - Due to other FF/Latch trimming, FF/Latch <y_25> (without init value) has a constant value of 0 in block <ux_round2nearest>. This FF/Latch will be trimmed during the optimization process.
WARNING:Xst:1710 - FF/Latch <dout_1> (without init value) has a constant value of 0 in block <Reciprocal_Cascaded_GS_2>. This FF/Latch will be trimmed during the optimization process.
WARNING:Xst:1895 - Due to other FF/Latch trimming, FF/Latch <dout_2> (without init value) has a constant value of 0 in block <Reciprocal_Cascaded_GS_2>. This FF/Latch will be trimmed during the optimization process.
WARNING:Xst:1895 - Due to other FF/Latch trimming, FF/Latch <dout_0> (without init value) has a constant value of 0 in block <Reciprocal_Cascaded_GS_2>. This FF/Latch will be trimmed during the optimization process.
WARNING:Xst:1895 - Due to other FF/Latch trimming, FF/Latch <dout_3> (without init value) has a constant value of 0 in block <Reciprocal_Cascaded_GS_2>. This FF/Latch will be trimmed during the optimization process.
WARNING:Xst:1895 - Due to other FF/Latch trimming, FF/Latch <dout_4> (without init value) has a constant value of 0 in block <Reciprocal_Cascaded_GS_2>. This FF/Latch will be trimmed during the optimization process.
WARNING:Xst:1895 - Due to other FF/Latch trimming, FF/Latch <dout_6> (without init value) has a constant value of 0 in block <Reciprocal_Cascaded_GS_2>. This FF/Latch will be trimmed during the optimization process.
WARNING:Xst:1895 - Due to other FF/Latch trimming, FF/Latch <dout_7> (without init value) has a constant value of 0 in block <Reciprocal_Cascaded_GS_2>. This FF/Latch will be trimmed during the optimization process.
WARNING:Xst:1895 - Due to other FF/Latch trimming, FF/Latch <dout_5> (without init value) has a constant value of 0 in block <Reciprocal_Cascaded_GS_2>. This FF/Latch will be trimmed during the optimization process.
WARNING:Xst:1895 - Due to other FF/Latch trimming, FF/Latch <dout_8> (without init value) has a constant value of 0 in block <Reciprocal_Cascaded_GS_2>. This FF/Latch will be trimmed during the optimization process.
WARNING:Xst:1895 - Due to other FF/Latch trimming, FF/Latch <dout_9> (without init value) has a constant value of 0 in block <Reciprocal_Cascaded_GS_2>. This FF/Latch will be trimmed during the optimization process.
WARNING:Xst:1895 - Due to other FF/Latch trimming, FF/Latch <dout_11> (without init value) has a constant value of 0 in block <Reciprocal_Cascaded_GS_2>. This FF/Latch will be trimmed during the optimization process.
WARNING:Xst:1895 - Due to other FF/Latch trimming, FF/Latch <dout_12> (without init value) has a constant value of 0 in block <Reciprocal_Cascaded_GS_2>. This FF/Latch will be trimmed during the optimization process.
WARNING:Xst:1895 - Due to other FF/Latch trimming, FF/Latch <dout_10> (without init value) has a constant value of 0 in block <Reciprocal_Cascaded_GS_2>. This FF/Latch will be trimmed during the optimization process.
WARNING:Xst:1895 - Due to other FF/Latch trimming, FF/Latch <dout_13> (without init value) has a constant value of 0 in block <Reciprocal_Cascaded_GS_2>. This FF/Latch will be trimmed during the optimization process.
WARNING:Xst:1895 - Due to other FF/Latch trimming, FF/Latch <dout_14> (without init value) has a constant value of 0 in block <Reciprocal_Cascaded_GS_2>. This FF/Latch will be trimmed during the optimization process.
WARNING:Xst:1895 - Due to other FF/Latch trimming, FF/Latch <dout_16> (without init value) has a constant value of 0 in block <Reciprocal_Cascaded_GS_2>. This FF/Latch will be trimmed during the optimization process.
WARNING:Xst:1895 - Due to other FF/Latch trimming, FF/Latch <dout_17> (without init value) has a constant value of 0 in block <Reciprocal_Cascaded_GS_2>. This FF/Latch will be trimmed during the optimization process.
WARNING:Xst:1895 - Due to other FF/Latch trimming, FF/Latch <dout_15> (without init value) has a constant value of 0 in block <Reciprocal_Cascaded_GS_2>. This FF/Latch will be trimmed during the optimization process.
WARNING:Xst:1895 - Due to other FF/Latch trimming, FF/Latch <dout_18> (without init value) has a constant value of 0 in block <Reciprocal_Cascaded_GS_2>. This FF/Latch will be trimmed during the optimization process.
WARNING:Xst:1895 - Due to other FF/Latch trimming, FF/Latch <dout_19> (without init value) has a constant value of 0 in block <Reciprocal_Cascaded_GS_2>. This FF/Latch will be trimmed during the optimization process.
WARNING:Xst:1895 - Due to other FF/Latch trimming, FF/Latch <dout_21> (without init value) has a constant value of 0 in block <Reciprocal_Cascaded_GS_2>. This FF/Latch will be trimmed during the optimization process.
WARNING:Xst:1895 - Due to other FF/Latch trimming, FF/Latch <dout_22> (without init value) has a constant value of 0 in block <Reciprocal_Cascaded_GS_2>. This FF/Latch will be trimmed during the optimization process.
WARNING:Xst:1895 - Due to other FF/Latch trimming, FF/Latch <dout_20> (without init value) has a constant value of 0 in block <Reciprocal_Cascaded_GS_2>. This FF/Latch will be trimmed during the optimization process.
WARNING:Xst:1895 - Due to other FF/Latch trimming, FF/Latch <dout_23> (without init value) has a constant value of 0 in block <Reciprocal_Cascaded_GS_2>. This FF/Latch will be trimmed during the optimization process.

Optimizing unit <Reciprocal_Cascaded_GS_2> ...

Mapping all equations...
Building and optimizing final netlist ...
Found area constraint ratio of 100 (+ 5) on block Reciprocal_Cascaded_GS_2, actual ratio is 0.

Final Macro Processing ...

=========================================================================
Final Register Report

Found no macro
=========================================================================

=========================================================================
*                           Partition Report                            *
=========================================================================

Partition Implementation Status
-------------------------------

  No Partitions were found in this design.

-------------------------------

=========================================================================
*                            Design Summary                             *
=========================================================================

Top Level Output File Name         : Reciprocal_Cascaded_GS_2.ngc

Primitive and Black Box Usage:
------------------------------
# BELS                             : 1
#      GND                         : 1
# IO Buffers                       : 24
#      OBUF                        : 24

Device utilization summary:
---------------------------

Selected Device : 7v2000tflg1925-2 


Slice Logic Utilization: 

Slice Logic Distribution: 
 Number of LUT Flip Flop pairs used:      0
   Number with an unused Flip Flop:       0  out of      0         
   Number with an unused LUT:             0  out of      0         
   Number of fully used LUT-FF pairs:     0  out of      0         
   Number of unique control sets:         0

IO Utilization: 
 Number of IOs:                          51
 Number of bonded IOBs:                  24  out of   1200     2%  

Specific Feature Utilization:

---------------------------
Partition Resource Summary:
---------------------------

  No Partitions were found in this design.

---------------------------


=========================================================================
Timing Report

NOTE: THESE TIMING NUMBERS ARE ONLY A SYNTHESIS ESTIMATE.
      FOR ACCURATE TIMING INFORMATION PLEASE REFER TO THE TRACE REPORT
      GENERATED AFTER PLACE-and-ROUTE.

Clock Information:
------------------
No clock signals found in this design

Asynchronous Control Signals Information:
----------------------------------------
No asynchronous control signals found in this design

Timing Summary:
---------------
Speed Grade: -2

   Minimum period: No path found
   Minimum input arrival time before clock: No path found
   Maximum output required time after clock: No path found
   Maximum combinational path delay: No path found

Timing Details:
---------------
All values displayed in nanoseconds (ns)

=========================================================================

Cross Clock Domains Report:
--------------------------

=========================================================================


Total REAL time to Xst completion: 14.00 secs
Total CPU time to Xst completion: 13.96 secs
 
--> 

Total memory usage is 405556 kilobytes

Number of errors   :    0 (   0 filtered)
Number of warnings :  212 (   0 filtered)
Number of infos    :    0 (   0 filtered)

